app/dashboard/settings/organization/client.tsx(67,9): error TS2353: Object literal may only specify known properties, and 'title' does not exist in type 'ReactElement<unknown, string | JSXElementConstructor<any>> | Iterable<ReactNode> | ReactPortal | Promise<...> | (() => ReactNode)'.
app/dashboard/settings/organization/client.tsx(74,9): error TS2353: Object literal may only specify known properties, and 'title' does not exist in type 'ReactElement<unknown, string | JSXElementConstructor<any>> | Iterable<ReactNode> | ReactPortal | Promise<...> | (() => ReactNode)'.
app/dashboard/settings/organization/client.tsx(98,9): error TS2353: Object literal may only specify known properties, and 'title' does not exist in type 'ReactElement<unknown, string | JSXElementConstructor<any>> | Iterable<ReactNode> | ReactPortal | Promise<...> | (() => ReactNode)'.
app/dashboard/settings/organization/client.tsx(105,9): error TS2353: Object literal may only specify known properties, and 'title' does not exist in type 'ReactElement<unknown, string | JSXElementConstructor<any>> | Iterable<ReactNode> | ReactPortal | Promise<...> | (() => ReactNode)'.
app/dashboard/settings/organization/client.tsx(129,9): error TS2353: Object literal may only specify known properties, and 'title' does not exist in type 'ReactElement<unknown, string | JSXElementConstructor<any>> | Iterable<ReactNode> | ReactPortal | Promise<...> | (() => ReactNode)'.
app/dashboard/settings/organization/client.tsx(136,9): error TS2353: Object literal may only specify known properties, and 'title' does not exist in type 'ReactElement<unknown, string | JSXElementConstructor<any>> | Iterable<ReactNode> | ReactPortal | Promise<...> | (() => ReactNode)'.
app/dashboard/settings/organization/client.tsx(154,9): error TS2353: Object literal may only specify known properties, and 'title' does not exist in type 'ReactElement<unknown, string | JSXElementConstructor<any>> | Iterable<ReactNode> | ReactPortal | Promise<...> | (() => ReactNode)'.
app/dashboard/settings/organization/client.tsx(159,9): error TS2353: Object literal may only specify known properties, and 'title' does not exist in type 'ReactElement<unknown, string | JSXElementConstructor<any>> | Iterable<ReactNode> | ReactPortal | Promise<...> | (() => ReactNode)'.
app/dashboard/settings/organization/client.tsx(177,9): error TS2353: Object literal may only specify known properties, and 'title' does not exist in type 'ReactElement<unknown, string | JSXElementConstructor<any>> | Iterable<ReactNode> | ReactPortal | Promise<...> | (() => ReactNode)'.
app/dashboard/settings/organization/client.tsx(184,9): error TS2353: Object literal may only specify known properties, and 'title' does not exist in type 'ReactElement<unknown, string | JSXElementConstructor<any>> | Iterable<ReactNode> | ReactPortal | Promise<...> | (() => ReactNode)'.
app/dashboard/settings/organization/client.tsx(204,9): error TS2353: Object literal may only specify known properties, and 'title' does not exist in type 'ReactElement<unknown, string | JSXElementConstructor<any>> | Iterable<ReactNode> | ReactPortal | Promise<...> | (() => ReactNode)'.
app/dashboard/settings/organization/client.tsx(211,9): error TS2353: Object literal may only specify known properties, and 'title' does not exist in type 'ReactElement<unknown, string | JSXElementConstructor<any>> | Iterable<ReactNode> | ReactPortal | Promise<...> | (() => ReactNode)'.
app/dashboard/settings/organization/client.tsx(229,9): error TS2353: Object literal may only specify known properties, and 'title' does not exist in type 'ReactElement<unknown, string | JSXElementConstructor<any>> | Iterable<ReactNode> | ReactPortal | Promise<...> | (() => ReactNode)'.
app/dashboard/settings/organization/client.tsx(236,9): error TS2353: Object literal may only specify known properties, and 'title' does not exist in type 'ReactElement<unknown, string | JSXElementConstructor<any>> | Iterable<ReactNode> | ReactPortal | Promise<...> | (() => ReactNode)'.
app/dashboard/settings/organization/page.tsx(73,11): error TS2769: No overload matches this call.
app/dashboard/settings/profile/page.tsx(69,37): error TS2339: Property 'full_name' does not exist on type '{ avatar_url: string | null; created_at: string | null; display_name: string | null; email: string; id: string; last_login_at: string | null; organization_id: string; preferences: Json; role: string; status: string; updated_at: string | null; }'.
app/dashboard/settings/profile/page.tsx(71,40): error TS2339: Property 'phone_number' does not exist on type '{ avatar_url: string | null; created_at: string | null; display_name: string | null; email: string; id: string; last_login_at: string | null; organization_id: string; preferences: Json; role: string; status: string; updated_at: string | null; }'.
app/dashboard/settings/profile/page.tsx(72,36): error TS2339: Property 'timezone' does not exist on type '{ avatar_url: string | null; created_at: string | null; display_name: string | null; email: string; id: string; last_login_at: string | null; organization_id: string; preferences: Json; role: string; status: string; updated_at: string | null; }'.
app/dashboard/settings/profile/page.tsx(73,34): error TS2339: Property 'locale' does not exist on type '{ avatar_url: string | null; created_at: string | null; display_name: string | null; email: string; id: string; last_login_at: string | null; organization_id: string; preferences: Json; role: string; status: string; updated_at: string | null; }'.
app/dashboard/settings/profile/page.tsx(108,39): error TS2339: Property 'notification_settings' does not exist on type '{ avatar_url: string | null; created_at: string | null; display_name: string | null; email: string; id: string; last_login_at: string | null; organization_id: string; preferences: Json; role: string; status: string; updated_at: string | null; }'.
app/dashboard/settings/profile/page.tsx(126,33): error TS2339: Property 'two_factor_enabled' does not exist on type '{ avatar_url: string | null; created_at: string | null; display_name: string | null; email: string; id: string; last_login_at: string | null; organization_id: string; preferences: Json; role: string; status: string; updated_at: string | null; }'.
app/dashboard/settings/profile/page.tsx(145,35): error TS2551: Property 'last_login_ip' does not exist on type '{ avatar_url: string | null; created_at: string | null; display_name: string | null; email: string; id: string; last_login_at: string | null; organization_id: string; preferences: Json; role: string; status: string; updated_at: string | null; }'. Did you mean 'last_login_at'?
app/dashboard/settings/system/page.tsx(30,11): error TS2769: No overload matches this call.
app/dashboard/settings/system/page.tsx(43,7): error TS2322: Type '({ created_at: string | null; description: string | null; id: string; is_active: boolean | null; match_type: string | null; name: string; organization_id: string; priority: number | null; ... 5 more ...; updated_at: string | null; } | ... 29 more ... | { ...; })[]' is not assignable to type 'APIKey[]'.
